<?xml version="1.0" encoding="UTF-8"?>
<!-- Generated by org.testng.reporters.JUnitXMLReporter -->
<testsuite ignored="0" hostname="LAPTOP-IAG65HB2" failures="0" tests="10" name="Test" time="2.076" errors="0" timestamp="2023-04-04T12:52:27 IST">
  <testcase classname="org.testing.TestScripts.TC10_Deleterequest1" name="testcase10" time="1.177"/>
  <testcase classname="org.testing.TestScripts.TC6_Postrequest1" name="testcase6" time="0.544"/>
  <testcase classname="org.testing.TestScripts.TC1_PostRequest" name="testcase1" time="0.057"/>
  <testcase classname="org.testing.TestScripts.TC5_DeleteRequest" name="testcase5" time="0.016"/>
  <testcase classname="org.testing.TestScripts.TC4_Putrequest" name="testcase4" time="0.046"/>
  <testcase classname="org.testing.TestScripts.TC9_Putrequest1" name="testcase9" time="0.029"/>
  <testcase classname="org.testing.TestScripts.TC3_getrequest" name="testcase3" time="0.037"/>
  <testcase classname="org.testing.TestScripts.TC7_Getallrequest1" name="testcase7" time="0.041"/>
  <testcase classname="org.testing.TestScripts.TC8_getrequest1" name="testcase8" time="0.026"/>
  <testcase classname="org.testing.TestScripts.TC2_Getallrequest" name="testcase2" time="0.048"/>
</testsuite> <!-- Test -->
